# JRE version: OpenJDK Runtime Environment Temurin-17.0.5+8 (17.0.5+8) (build 17.0.5+8)
# Java VM: OpenJDK 64-Bit Server VM Temurin-17.0.5+8 (17.0.5+8, mixed mode, tiered, compressed oops, compressed class ptrs, g1 gc, linux-amd64)
GC Precious Log:
 CPUs: 16 total, 16 available
 Memory: 32699M
 Large Page Support: Disabled
 NUMA Support: Disabled
 Compressed Oops: Enabled (Zero based)
 Heap Region Size: 4M
 Heap Min Capacity: 8M
 Heap Initial Capacity: 512M
 Heap Max Capacity: 8176M
 Pre-touch: Disabled
 Parallel Workers: 13
 Concurrent Workers: 3
 Concurrent Refinement Workers: 13
 Periodic GC: Disabled
Heap:
 garbage-first heap   total 352256K, used 215792K [0x0000000601000000, 0x0000000800000000)
  region size 4096K, 51 young (208896K), 1 survivors (4096K)
 Metaspace       used 31561K, committed 31872K, reserved 1081344K
  class space    used 3769K, committed 3904K, reserved 1048576K
GC Heap History (20 events):
Event: 3593.161 GC heap before
{Heap before GC invocations=448 (full 0):
 garbage-first heap   total 352256K, used 215788K [0x0000000601000000, 0x0000000800000000)
  region size 4096K, 51 young (208896K), 1 survivors (4096K)
 Metaspace       used 31513K, committed 31808K, reserved 1081344K
  class space    used 3769K, committed 3904K, reserved 1048576K
}
Event: 3593.167 GC heap after
{Heap after GC invocations=449 (full 0):
 garbage-first heap   total 352256K, used 10988K [0x0000000601000000, 0x0000000800000000)
  region size 4096K, 1 young (4096K), 1 survivors (4096K)
 Metaspace       used 31513K, committed 31808K, reserved 1081344K
  class space    used 3769K, committed 3904K, reserved 1048576K
}
Event: 3605.464 GC heap before
{Heap before GC invocations=449 (full 0):
 garbage-first heap   total 352256K, used 215788K [0x0000000601000000, 0x0000000800000000)
  region size 4096K, 51 young (208896K), 1 survivors (4096K)
 Metaspace       used 31513K, committed 31808K, reserved 1081344K
  class space    used 3769K, committed 3904K, reserved 1048576K
}
Event: 3605.482 GC heap after
{Heap after GC invocations=450 (full 0):
 garbage-first heap   total 352256K, used 10988K [0x0000000601000000, 0x0000000800000000)
  region size 4096K, 1 young (4096K), 1 survivors (4096K)
 Metaspace       used 31513K, committed 31808K, reserved 1081344K
  class space    used 3769K, committed 3904K, reserved 1048576K
}
Event: 3617.798 GC heap before
{Heap before GC invocations=450 (full 0):
 garbage-first heap   total 352256K, used 215788K [0x0000000601000000, 0x0000000800000000)
  region size 4096K, 51 young (208896K), 1 survivors (4096K)
 Metaspace       used 31513K, committed 31808K, reserved 1081344K
  class space    used 3769K, committed 3904K, reserved 1048576K
}
Event: 3617.842 GC heap after
{Heap after GC invocations=451 (full 0):
 garbage-first heap   total 352256K, used 10988K [0x0000000601000000, 0x0000000800000000)
  region size 4096K, 1 young (4096K), 1 survivors (4096K)
 Metaspace       used 31513K, committed 31808K, reserved 1081344K
  class space    used 3769K, committed 3904K, reserved 1048576K
}
Event: 3629.571 GC heap before
{Heap before GC invocations=451 (full 0):
 garbage-first heap   total 352256K, used 215788K [0x0000000601000000, 0x0000000800000000)
  region size 4096K, 51 young (208896K), 1 survivors (4096K)
 Metaspace       used 31513K, committed 31808K, reserved 1081344K
  class space    used 3769K, committed 3904K, reserved 1048576K
}
Event: 3629.585 GC heap after
{Heap after GC invocations=452 (full 0):
 garbage-first heap   total 352256K, used 10988K [0x0000000601000000, 0x0000000800000000)
  region size 4096K, 1 young (4096K), 1 survivors (4096K)
 Metaspace       used 31513K, committed 31808K, reserved 1081344K
  class space    used 3769K, committed 3904K, reserved 1048576K
}
Event: 3643.651 GC heap before
{Heap before GC invocations=452 (full 0):
 garbage-first heap   total 352256K, used 215788K [0x0000000601000000, 0x0000000800000000)
  region size 4096K, 51 young (208896K), 1 survivors (4096K)
 Metaspace       used 31513K, committed 31808K, reserved 1081344K
  class space    used 3769K, committed 3904K, reserved 1048576K
}
Event: 3643.669 GC heap after
{Heap after GC invocations=453 (full 0):
 garbage-first heap   total 352256K, used 10988K [0x0000000601000000, 0x0000000800000000)
  region size 4096K, 1 young (4096K), 1 survivors (4096K)
 Metaspace       used 31513K, committed 31808K, reserved 1081344K
  class space    used 3769K, committed 3904K, reserved 1048576K
}
Event: 3655.786 GC heap before
{Heap before GC invocations=453 (full 0):
 garbage-first heap   total 352256K, used 215788K [0x0000000601000000, 0x0000000800000000)
  region size 4096K, 51 young (208896K), 1 survivors (4096K)
 Metaspace       used 31513K, committed 31808K, reserved 1081344K
  class space    used 3769K, committed 3904K, reserved 1048576K
}
Event: 3655.905 GC heap after
{Heap after GC invocations=454 (full 0):
 garbage-first heap   total 352256K, used 10988K [0x0000000601000000, 0x0000000800000000)
  region size 4096K, 1 young (4096K), 1 survivors (4096K)
 Metaspace       used 31513K, committed 31808K, reserved 1081344K
  class space    used 3769K, committed 3904K, reserved 1048576K
}
Event: 3668.570 GC heap before
{Heap before GC invocations=454 (full 0):
 garbage-first heap   total 352256K, used 215788K [0x0000000601000000, 0x0000000800000000)
  region size 4096K, 51 young (208896K), 1 survivors (4096K)
 Metaspace       used 31513K, committed 31808K, reserved 1081344K
  class space    used 3769K, committed 3904K, reserved 1048576K
}
Event: 3668.589 GC heap after
{Heap after GC invocations=455 (full 0):
 garbage-first heap   total 352256K, used 10988K [0x0000000601000000, 0x0000000800000000)
  region size 4096K, 1 young (4096K), 1 survivors (4096K)
 Metaspace       used 31513K, committed 31808K, reserved 1081344K
  class space    used 3769K, committed 3904K, reserved 1048576K
}
Event: 3680.567 GC heap before
{Heap before GC invocations=455 (full 0):
 garbage-first heap   total 352256K, used 215788K [0x0000000601000000, 0x0000000800000000)
  region size 4096K, 51 young (208896K), 1 survivors (4096K)
 Metaspace       used 31513K, committed 31808K, reserved 1081344K
  class space    used 3769K, committed 3904K, reserved 1048576K
}
Event: 3680.580 GC heap after
{Heap after GC invocations=456 (full 0):
 garbage-first heap   total 352256K, used 10988K [0x0000000601000000, 0x0000000800000000)
  region size 4096K, 1 young (4096K), 1 survivors (4096K)
 Metaspace       used 31513K, committed 31808K, reserved 1081344K
  class space    used 3769K, committed 3904K, reserved 1048576K
}
Event: 3692.848 GC heap before
{Heap before GC invocations=456 (full 0):
 garbage-first heap   total 352256K, used 215788K [0x0000000601000000, 0x0000000800000000)
  region size 4096K, 51 young (208896K), 1 survivors (4096K)
 Metaspace       used 31561K, committed 31872K, reserved 1081344K
  class space    used 3769K, committed 3904K, reserved 1048576K
}
Event: 3693.064 GC heap after
{Heap after GC invocations=457 (full 0):
 garbage-first heap   total 352256K, used 10990K [0x0000000601000000, 0x0000000800000000)
  region size 4096K, 1 young (4096K), 1 survivors (4096K)
 Metaspace       used 31561K, committed 31872K, reserved 1081344K
  class space    used 3769K, committed 3904K, reserved 1048576K
}
Event: 3694.475 GC heap before
{Heap before GC invocations=457 (full 0):
 garbage-first heap   total 352256K, used 215790K [0x0000000601000000, 0x0000000800000000)
  region size 4096K, 51 young (208896K), 1 survivors (4096K)
 Metaspace       used 31561K, committed 31872K, reserved 1081344K
  class space    used 3769K, committed 3904K, reserved 1048576K
}
Event: 3694.531 GC heap after
{Heap after GC invocations=458 (full 0):
 garbage-first heap   total 352256K, used 10992K [0x0000000601000000, 0x0000000800000000)
  region size 4096K, 1 young (4096K), 1 survivors (4096K)
 Metaspace       used 31561K, committed 31872K, reserved 1081344K
  class space    used 3769K, committed 3904K, reserved 1048576K
}

